<?xml version="1.0" encoding="UTF-8"?>
<testsuite name="io.botle.game.crossword.domain.puzzle.PuzzleRepositoryTest" tests="1" skipped="0" failures="0" errors="0" timestamp="2020-04-13T08:27:34" hostname="DESKTOP-RLST5FL" time="0.562">
  <properties/>
  <testcase name="퍼즐_전체_저장_불러오기" classname="io.botle.game.crossword.domain.puzzle.PuzzleRepositoryTest" time="0.562"/>
  <system-out><![CDATA[17:27:27.981 [Test worker] DEBUG org.springframework.test.context.junit4.SpringJUnit4ClassRunner - SpringJUnit4ClassRunner constructor called with [class io.botle.game.crossword.domain.puzzle.PuzzleRepositoryTest]
17:27:27.992 [Test worker] DEBUG org.springframework.test.context.BootstrapUtils - Instantiating CacheAwareContextLoaderDelegate from class [org.springframework.test.context.cache.DefaultCacheAwareContextLoaderDelegate]
17:27:28.003 [Test worker] DEBUG org.springframework.test.context.BootstrapUtils - Instantiating BootstrapContext using constructor [public org.springframework.test.context.support.DefaultBootstrapContext(java.lang.Class,org.springframework.test.context.CacheAwareContextLoaderDelegate)]
17:27:28.027 [Test worker] DEBUG org.springframework.test.context.BootstrapUtils - Instantiating TestContextBootstrapper for test class [io.botle.game.crossword.domain.puzzle.PuzzleRepositoryTest] from class [org.springframework.boot.test.context.SpringBootTestContextBootstrapper]
17:27:28.051 [Test worker] INFO org.springframework.boot.test.context.SpringBootTestContextBootstrapper - Neither @ContextConfiguration nor @ContextHierarchy found for test class [io.botle.game.crossword.domain.puzzle.PuzzleRepositoryTest], using SpringBootContextLoader
17:27:28.056 [Test worker] DEBUG org.springframework.test.context.support.AbstractContextLoader - Did not detect default resource location for test class [io.botle.game.crossword.domain.puzzle.PuzzleRepositoryTest]: class path resource [io/botle/game/crossword/domain/puzzle/PuzzleRepositoryTest-context.xml] does not exist
17:27:28.057 [Test worker] DEBUG org.springframework.test.context.support.AbstractContextLoader - Did not detect default resource location for test class [io.botle.game.crossword.domain.puzzle.PuzzleRepositoryTest]: class path resource [io/botle/game/crossword/domain/puzzle/PuzzleRepositoryTestContext.groovy] does not exist
17:27:28.057 [Test worker] INFO org.springframework.test.context.support.AbstractContextLoader - Could not detect default resource locations for test class [io.botle.game.crossword.domain.puzzle.PuzzleRepositoryTest]: no resource found for suffixes {-context.xml, Context.groovy}.
17:27:28.058 [Test worker] INFO org.springframework.test.context.support.AnnotationConfigContextLoaderUtils - Could not detect default configuration classes for test class [io.botle.game.crossword.domain.puzzle.PuzzleRepositoryTest]: PuzzleRepositoryTest does not declare any static, non-private, non-final, nested classes annotated with @Configuration.
17:27:28.108 [Test worker] DEBUG org.springframework.test.context.support.ActiveProfilesUtils - Could not find an 'annotation declaring class' for annotation type [org.springframework.test.context.ActiveProfiles] and class [io.botle.game.crossword.domain.puzzle.PuzzleRepositoryTest]
17:27:28.224 [Test worker] DEBUG org.springframework.context.annotation.ClassPathScanningCandidateComponentProvider - Identified candidate component class: file [C:\Users\VinnsMedia\Documents\project\botle-game\build\classes\java\main\io\botle\game\crossword\Application.class]
17:27:28.226 [Test worker] INFO org.springframework.boot.test.context.SpringBootTestContextBootstrapper - Found @SpringBootConfiguration io.botle.game.crossword.Application for test class io.botle.game.crossword.domain.puzzle.PuzzleRepositoryTest
17:27:28.332 [Test worker] DEBUG org.springframework.boot.test.context.SpringBootTestContextBootstrapper - @TestExecutionListeners is not present for class [io.botle.game.crossword.domain.puzzle.PuzzleRepositoryTest]: using defaults.
17:27:28.333 [Test worker] INFO org.springframework.boot.test.context.SpringBootTestContextBootstrapper - Loaded default TestExecutionListener class names from location [META-INF/spring.factories]: [org.springframework.boot.test.autoconfigure.restdocs.RestDocsTestExecutionListener, org.springframework.boot.test.autoconfigure.web.client.MockRestServiceServerResetTestExecutionListener, org.springframework.boot.test.autoconfigure.web.servlet.MockMvcPrintOnlyOnFailureTestExecutionListener, org.springframework.boot.test.autoconfigure.web.servlet.WebDriverTestExecutionListener, org.springframework.boot.test.mock.mockito.MockitoTestExecutionListener, org.springframework.boot.test.mock.mockito.ResetMocksTestExecutionListener, org.springframework.test.context.web.ServletTestExecutionListener, org.springframework.test.context.support.DirtiesContextBeforeModesTestExecutionListener, org.springframework.test.context.support.DependencyInjectionTestExecutionListener, org.springframework.test.context.support.DirtiesContextTestExecutionListener, org.springframework.test.context.transaction.TransactionalTestExecutionListener, org.springframework.test.context.jdbc.SqlScriptsTestExecutionListener]
17:27:28.351 [Test worker] INFO org.springframework.boot.test.context.SpringBootTestContextBootstrapper - Using TestExecutionListeners: [org.springframework.test.context.web.ServletTestExecutionListener@64e491a6, org.springframework.test.context.support.DirtiesContextBeforeModesTestExecutionListener@30bda4a9, org.springframework.boot.test.mock.mockito.MockitoTestExecutionListener@7faf34b0, org.springframework.boot.test.autoconfigure.SpringBootDependencyInjectionTestExecutionListener@693feac1, org.springframework.test.context.support.DirtiesContextTestExecutionListener@29163fe1, org.springframework.test.context.transaction.TransactionalTestExecutionListener@74d35e86, org.springframework.test.context.jdbc.SqlScriptsTestExecutionListener@725ffe18, org.springframework.boot.test.autoconfigure.restdocs.RestDocsTestExecutionListener@64207b70, org.springframework.boot.test.autoconfigure.web.client.MockRestServiceServerResetTestExecutionListener@7cd1a922, org.springframework.boot.test.autoconfigure.web.servlet.MockMvcPrintOnlyOnFailureTestExecutionListener@1298ef50, org.springframework.boot.test.autoconfigure.web.servlet.WebDriverTestExecutionListener@1fba7c25, org.springframework.boot.test.mock.mockito.ResetMocksTestExecutionListener@78266f59]
17:27:28.355 [Test worker] DEBUG org.springframework.test.annotation.ProfileValueUtils - Retrieved @ProfileValueSourceConfiguration [null] for test class [io.botle.game.crossword.domain.puzzle.PuzzleRepositoryTest]
17:27:28.356 [Test worker] DEBUG org.springframework.test.annotation.ProfileValueUtils - Retrieved ProfileValueSource type [class org.springframework.test.annotation.SystemProfileValueSource] for class [io.botle.game.crossword.domain.puzzle.PuzzleRepositoryTest]
17:27:28.359 [Test worker] DEBUG org.springframework.test.annotation.ProfileValueUtils - Retrieved @ProfileValueSourceConfiguration [null] for test class [io.botle.game.crossword.domain.puzzle.PuzzleRepositoryTest]
17:27:28.360 [Test worker] DEBUG org.springframework.test.annotation.ProfileValueUtils - Retrieved ProfileValueSource type [class org.springframework.test.annotation.SystemProfileValueSource] for class [io.botle.game.crossword.domain.puzzle.PuzzleRepositoryTest]
17:27:28.360 [Test worker] DEBUG org.springframework.test.annotation.ProfileValueUtils - Retrieved @ProfileValueSourceConfiguration [null] for test class [io.botle.game.crossword.domain.puzzle.PuzzleRepositoryTest]
17:27:28.361 [Test worker] DEBUG org.springframework.test.annotation.ProfileValueUtils - Retrieved ProfileValueSource type [class org.springframework.test.annotation.SystemProfileValueSource] for class [io.botle.game.crossword.domain.puzzle.PuzzleRepositoryTest]
17:27:28.365 [Test worker] DEBUG org.springframework.test.context.support.AbstractDirtiesContextTestExecutionListener - Before test class: context [DefaultTestContext@25d64db0 testClass = PuzzleRepositoryTest, testInstance = [null], testMethod = [null], testException = [null], mergedContextConfiguration = [WebMergedContextConfiguration@7371cac0 testClass = PuzzleRepositoryTest, locations = '{}', classes = '{class io.botle.game.crossword.Application}', contextInitializerClasses = '[]', activeProfiles = '{}', propertySourceLocations = '{}', propertySourceProperties = '{org.springframework.boot.test.context.SpringBootTestContextBootstrapper=true}', contextCustomizers = set[org.springframework.boot.test.autoconfigure.properties.PropertyMappingContextCustomizer@0, org.springframework.boot.test.autoconfigure.web.servlet.WebDriverContextCustomizerFactory$Customizer@50c51459, org.springframework.boot.test.context.filter.ExcludeFilterContextCustomizer@1b6968a8, org.springframework.boot.test.json.DuplicateJsonObjectContextCustomizerFactory$DuplicateJsonObjectContextCustomizer@15dd0b11, org.springframework.boot.test.mock.mockito.MockitoContextCustomizer@0, org.springframework.boot.test.web.client.TestRestTemplateContextCustomizer@2c7cf354], resourceBasePath = 'src/main/webapp', contextLoader = 'org.springframework.boot.test.context.SpringBootContextLoader', parent = [null]], attributes = map['org.springframework.test.context.web.ServletTestExecutionListener.activateListener' -> true]], class annotated with @DirtiesContext [false] with mode [null].
17:27:28.366 [Test worker] DEBUG org.springframework.test.annotation.ProfileValueUtils - Retrieved @ProfileValueSourceConfiguration [null] for test class [io.botle.game.crossword.domain.puzzle.PuzzleRepositoryTest]
17:27:28.366 [Test worker] DEBUG org.springframework.test.annotation.ProfileValueUtils - Retrieved ProfileValueSource type [class org.springframework.test.annotation.SystemProfileValueSource] for class [io.botle.game.crossword.domain.puzzle.PuzzleRepositoryTest]
17:27:28.388 [Test worker] DEBUG org.springframework.test.context.support.TestPropertySourceUtils - Adding inlined properties to environment: {spring.jmx.enabled=false, org.springframework.boot.test.context.SpringBootTestContextBootstrapper=true, server.port=-1}

  .   ____          _            __ _ _
 /\\ / ___'_ __ _ _(_)_ __  __ _ \ \ \ \
( ( )\___ | '_ | '_| | '_ \/ _` | \ \ \ \
 \\/  ___)| |_)| | | | | || (_| |  ) ) ) )
  '  |____| .__|_| |_|_| |_\__, | / / / /
 =========|_|==============|___/=/_/_/_/
 :: Spring Boot ::        (v2.1.9.RELEASE)

2020-04-13 17:27:28.685  INFO 3044 --- [    Test worker] i.b.g.c.d.puzzle.PuzzleRepositoryTest    : Starting PuzzleRepositoryTest on DESKTOP-RLST5FL with PID 3044 (started by VinnsMedia in C:\Users\VinnsMedia\Documents\project\botle-game)
2020-04-13 17:27:28.687  INFO 3044 --- [    Test worker] i.b.g.c.d.puzzle.PuzzleRepositoryTest    : No active profile set, falling back to default profiles: default
2020-04-13 17:27:29.614  INFO 3044 --- [    Test worker] .s.d.r.c.RepositoryConfigurationDelegate : Bootstrapping Spring Data repositories in DEFAULT mode.
2020-04-13 17:27:29.722  INFO 3044 --- [    Test worker] .s.d.r.c.RepositoryConfigurationDelegate : Finished Spring Data repository scanning in 93ms. Found 2 repository interfaces.
2020-04-13 17:27:30.184  INFO 3044 --- [    Test worker] trationDelegate$BeanPostProcessorChecker : Bean 'org.springframework.transaction.annotation.ProxyTransactionManagementConfiguration' of type [org.springframework.transaction.annotation.ProxyTransactionManagementConfiguration$$EnhancerBySpringCGLIB$$f0197] is not eligible for getting processed by all BeanPostProcessors (for example: not eligible for auto-proxying)
2020-04-13 17:27:30.444  INFO 3044 --- [    Test worker] com.zaxxer.hikari.HikariDataSource       : HikariPool-1 - Starting...
2020-04-13 17:27:30.669  INFO 3044 --- [    Test worker] com.zaxxer.hikari.HikariDataSource       : HikariPool-1 - Start completed.
2020-04-13 17:27:30.779  INFO 3044 --- [    Test worker] o.hibernate.jpa.internal.util.LogHelper  : HHH000204: Processing PersistenceUnitInfo [
	name: default
	...]
2020-04-13 17:27:30.854  INFO 3044 --- [    Test worker] org.hibernate.Version                    : HHH000412: Hibernate Core {5.3.12.Final}
2020-04-13 17:27:30.856  INFO 3044 --- [    Test worker] org.hibernate.cfg.Environment            : HHH000206: hibernate.properties not found
2020-04-13 17:27:31.027  INFO 3044 --- [    Test worker] o.hibernate.annotations.common.Version   : HCANN000001: Hibernate Commons Annotations {5.0.4.Final}
2020-04-13 17:27:31.218  INFO 3044 --- [    Test worker] org.hibernate.dialect.Dialect            : HHH000400: Using dialect: org.hibernate.dialect.MySQL5InnoDBDialect
Hibernate: alter table quiz drop foreign key FKsd7bmnd3hkmva99wpo2dc3mq7
2020-04-13 17:27:31.997  WARN 3044 --- [    Test worker] o.h.t.s.i.ExceptionHandlerLoggedImpl     : GenerationTarget encountered exception accepting command : Error executing DDL "alter table quiz drop foreign key FKsd7bmnd3hkmva99wpo2dc3mq7" via JDBC Statement

org.hibernate.tool.schema.spi.CommandAcceptanceException: Error executing DDL "alter table quiz drop foreign key FKsd7bmnd3hkmva99wpo2dc3mq7" via JDBC Statement
	at org.hibernate.tool.schema.internal.exec.GenerationTargetToDatabase.accept(GenerationTargetToDatabase.java:67) ~[hibernate-core-5.3.12.Final.jar:5.3.12.Final]
	at org.hibernate.tool.schema.internal.SchemaDropperImpl.applySqlString(SchemaDropperImpl.java:375) [hibernate-core-5.3.12.Final.jar:5.3.12.Final]
	at org.hibernate.tool.schema.internal.SchemaDropperImpl.applySqlStrings(SchemaDropperImpl.java:359) [hibernate-core-5.3.12.Final.jar:5.3.12.Final]
	at org.hibernate.tool.schema.internal.SchemaDropperImpl.applyConstraintDropping(SchemaDropperImpl.java:331) [hibernate-core-5.3.12.Final.jar:5.3.12.Final]
	at org.hibernate.tool.schema.internal.SchemaDropperImpl.dropFromMetadata(SchemaDropperImpl.java:230) [hibernate-core-5.3.12.Final.jar:5.3.12.Final]
	at org.hibernate.tool.schema.internal.SchemaDropperImpl.performDrop(SchemaDropperImpl.java:154) [hibernate-core-5.3.12.Final.jar:5.3.12.Final]
	at org.hibernate.tool.schema.internal.SchemaDropperImpl.doDrop(SchemaDropperImpl.java:126) [hibernate-core-5.3.12.Final.jar:5.3.12.Final]
	at org.hibernate.tool.schema.internal.SchemaDropperImpl.doDrop(SchemaDropperImpl.java:112) [hibernate-core-5.3.12.Final.jar:5.3.12.Final]
	at org.hibernate.tool.schema.spi.SchemaManagementToolCoordinator.performDatabaseAction(SchemaManagementToolCoordinator.java:144) [hibernate-core-5.3.12.Final.jar:5.3.12.Final]
	at org.hibernate.tool.schema.spi.SchemaManagementToolCoordinator.process(SchemaManagementToolCoordinator.java:72) [hibernate-core-5.3.12.Final.jar:5.3.12.Final]
	at org.hibernate.internal.SessionFactoryImpl.<init>(SessionFactoryImpl.java:310) [hibernate-core-5.3.12.Final.jar:5.3.12.Final]
	at org.hibernate.boot.internal.SessionFactoryBuilderImpl.build(SessionFactoryBuilderImpl.java:467) [hibernate-core-5.3.12.Final.jar:5.3.12.Final]
	at org.hibernate.jpa.boot.internal.EntityManagerFactoryBuilderImpl.build(EntityManagerFactoryBuilderImpl.java:939) [hibernate-core-5.3.12.Final.jar:5.3.12.Final]
	at org.springframework.orm.jpa.vendor.SpringHibernateJpaPersistenceProvider.createContainerEntityManagerFactory(SpringHibernateJpaPersistenceProvider.java:58) [spring-orm-5.1.10.RELEASE.jar:5.1.10.RELEASE]
	at org.springframework.orm.jpa.LocalContainerEntityManagerFactoryBean.createNativeEntityManagerFactory(LocalContainerEntityManagerFactoryBean.java:365) [spring-orm-5.1.10.RELEASE.jar:5.1.10.RELEASE]
	at org.springframework.orm.jpa.AbstractEntityManagerFactoryBean.buildNativeEntityManagerFactory(AbstractEntityManagerFactoryBean.java:391) [spring-orm-5.1.10.RELEASE.jar:5.1.10.RELEASE]
	at org.springframework.orm.jpa.AbstractEntityManagerFactoryBean.afterPropertiesSet(AbstractEntityManagerFactoryBean.java:378) [spring-orm-5.1.10.RELEASE.jar:5.1.10.RELEASE]
	at org.springframework.orm.jpa.LocalContainerEntityManagerFactoryBean.afterPropertiesSet(LocalContainerEntityManagerFactoryBean.java:341) [spring-orm-5.1.10.RELEASE.jar:5.1.10.RELEASE]
	at org.springframework.beans.factory.support.AbstractAutowireCapableBeanFactory.invokeInitMethods(AbstractAutowireCapableBeanFactory.java:1837) [spring-beans-5.1.10.RELEASE.jar:5.1.10.RELEASE]
	at org.springframework.beans.factory.support.AbstractAutowireCapableBeanFactory.initializeBean(AbstractAutowireCapableBeanFactory.java:1774) [spring-beans-5.1.10.RELEASE.jar:5.1.10.RELEASE]
	at org.springframework.beans.factory.support.AbstractAutowireCapableBeanFactory.doCreateBean(AbstractAutowireCapableBeanFactory.java:593) [spring-beans-5.1.10.RELEASE.jar:5.1.10.RELEASE]
	at org.springframework.beans.factory.support.AbstractAutowireCapableBeanFactory.createBean(AbstractAutowireCapableBeanFactory.java:515) [spring-beans-5.1.10.RELEASE.jar:5.1.10.RELEASE]
	at org.springframework.beans.factory.support.AbstractBeanFactory.lambda$doGetBean$0(AbstractBeanFactory.java:320) [spring-beans-5.1.10.RELEASE.jar:5.1.10.RELEASE]
	at org.springframework.beans.factory.support.DefaultSingletonBeanRegistry.getSingleton(DefaultSingletonBeanRegistry.java:222) ~[spring-beans-5.1.10.RELEASE.jar:5.1.10.RELEASE]
	at org.springframework.beans.factory.support.AbstractBeanFactory.doGetBean(AbstractBeanFactory.java:318) [spring-beans-5.1.10.RELEASE.jar:5.1.10.RELEASE]
	at org.springframework.beans.factory.support.AbstractBeanFactory.getBean(AbstractBeanFactory.java:199) [spring-beans-5.1.10.RELEASE.jar:5.1.10.RELEASE]
	at org.springframework.context.support.AbstractApplicationContext.getBean(AbstractApplicationContext.java:1105) ~[spring-context-5.1.10.RELEASE.jar:5.1.10.RELEASE]
	at org.springframework.context.support.AbstractApplicationContext.finishBeanFactoryInitialization(AbstractApplicationContext.java:867) ~[spring-context-5.1.10.RELEASE.jar:5.1.10.RELEASE]
	at org.springframework.context.support.AbstractApplicationContext.refresh(AbstractApplicationContext.java:549) ~[spring-context-5.1.10.RELEASE.jar:5.1.10.RELEASE]
	at org.springframework.boot.SpringApplication.refresh(SpringApplication.java:744) ~[spring-boot-2.1.9.RELEASE.jar:2.1.9.RELEASE]
	at org.springframework.boot.SpringApplication.refreshContext(SpringApplication.java:391) ~[spring-boot-2.1.9.RELEASE.jar:2.1.9.RELEASE]
	at org.springframework.boot.SpringApplication.run(SpringApplication.java:312) ~[spring-boot-2.1.9.RELEASE.jar:2.1.9.RELEASE]
	at org.springframework.boot.test.context.SpringBootContextLoader.loadContext(SpringBootContextLoader.java:120) ~[spring-boot-test-2.1.9.RELEASE.jar:2.1.9.RELEASE]
	at org.springframework.test.context.cache.DefaultCacheAwareContextLoaderDelegate.loadContextInternal(DefaultCacheAwareContextLoaderDelegate.java:99) ~[spring-test-5.1.10.RELEASE.jar:5.1.10.RELEASE]
	at org.springframework.test.context.cache.DefaultCacheAwareContextLoaderDelegate.loadContext(DefaultCacheAwareContextLoaderDelegate.java:117) ~[spring-test-5.1.10.RELEASE.jar:5.1.10.RELEASE]
	at org.springframework.test.context.support.DefaultTestContext.getApplicationContext(DefaultTestContext.java:108) ~[spring-test-5.1.10.RELEASE.jar:5.1.10.RELEASE]
	at org.springframework.test.context.web.ServletTestExecutionListener.setUpRequestContextIfNecessary(ServletTestExecutionListener.java:190) ~[spring-test-5.1.10.RELEASE.jar:5.1.10.RELEASE]
	at org.springframework.test.context.web.ServletTestExecutionListener.prepareTestInstance(ServletTestExecutionListener.java:132) ~[spring-test-5.1.10.RELEASE.jar:5.1.10.RELEASE]
	at org.springframework.test.context.TestContextManager.prepareTestInstance(TestContextManager.java:246) ~[spring-test-5.1.10.RELEASE.jar:5.1.10.RELEASE]
	at org.springframework.test.context.junit4.SpringJUnit4ClassRunner.createTest(SpringJUnit4ClassRunner.java:227) ~[spring-test-5.1.10.RELEASE.jar:5.1.10.RELEASE]
	at org.springframework.test.context.junit4.SpringJUnit4ClassRunner$1.runReflectiveCall(SpringJUnit4ClassRunner.java:289) ~[spring-test-5.1.10.RELEASE.jar:5.1.10.RELEASE]
	at org.junit.internal.runners.model.ReflectiveCallable.run(ReflectiveCallable.java:12) ~[junit-4.12.jar:4.12]
	at org.springframework.test.context.junit4.SpringJUnit4ClassRunner.methodBlock(SpringJUnit4ClassRunner.java:291) ~[spring-test-5.1.10.RELEASE.jar:5.1.10.RELEASE]
	at org.springframework.test.context.junit4.SpringJUnit4ClassRunner.runChild(SpringJUnit4ClassRunner.java:246) ~[spring-test-5.1.10.RELEASE.jar:5.1.10.RELEASE]
	at org.springframework.test.context.junit4.SpringJUnit4ClassRunner.runChild(SpringJUnit4ClassRunner.java:97) ~[spring-test-5.1.10.RELEASE.jar:5.1.10.RELEASE]
	at org.junit.runners.ParentRunner$3.run(ParentRunner.java:290) ~[junit-4.12.jar:4.12]
	at org.junit.runners.ParentRunner$1.schedule(ParentRunner.java:71) ~[junit-4.12.jar:4.12]
	at org.junit.runners.ParentRunner.runChildren(ParentRunner.java:288) ~[junit-4.12.jar:4.12]
	at org.junit.runners.ParentRunner.access$000(ParentRunner.java:58) ~[junit-4.12.jar:4.12]
	at org.junit.runners.ParentRunner$2.evaluate(ParentRunner.java:268) ~[junit-4.12.jar:4.12]
	at org.springframework.test.context.junit4.statements.RunBeforeTestClassCallbacks.evaluate(RunBeforeTestClassCallbacks.java:61) ~[spring-test-5.1.10.RELEASE.jar:5.1.10.RELEASE]
	at org.springframework.test.context.junit4.statements.RunAfterTestClassCallbacks.evaluate(RunAfterTestClassCallbacks.java:70) ~[spring-test-5.1.10.RELEASE.jar:5.1.10.RELEASE]
	at org.junit.runners.ParentRunner.run(ParentRunner.java:363) ~[junit-4.12.jar:4.12]
	at org.springframework.test.context.junit4.SpringJUnit4ClassRunner.run(SpringJUnit4ClassRunner.java:190) ~[spring-test-5.1.10.RELEASE.jar:5.1.10.RELEASE]
	at org.gradle.api.internal.tasks.testing.junit.JUnitTestClassExecutor.runTestClass(JUnitTestClassExecutor.java:106) ~[na:na]
	at org.gradle.api.internal.tasks.testing.junit.JUnitTestClassExecutor.execute(JUnitTestClassExecutor.java:58) ~[na:na]
	at org.gradle.api.internal.tasks.testing.junit.JUnitTestClassExecutor.execute(JUnitTestClassExecutor.java:38) ~[na:na]
	at org.gradle.api.internal.tasks.testing.junit.AbstractJUnitTestClassProcessor.processTestClass(AbstractJUnitTestClassProcessor.java:66) ~[na:na]
	at org.gradle.api.internal.tasks.testing.SuiteTestClassProcessor.processTestClass(SuiteTestClassProcessor.java:51) ~[na:na]
	at sun.reflect.NativeMethodAccessorImpl.invoke0(Native Method) ~[na:1.8.0_241]
	at sun.reflect.NativeMethodAccessorImpl.invoke(NativeMethodAccessorImpl.java:62) ~[na:1.8.0_241]
	at sun.reflect.DelegatingMethodAccessorImpl.invoke(DelegatingMethodAccessorImpl.java:43) ~[na:1.8.0_241]
	at java.lang.reflect.Method.invoke(Method.java:498) ~[na:1.8.0_241]
	at org.gradle.internal.dispatch.ReflectionDispatch.dispatch(ReflectionDispatch.java:35) ~[na:na]
	at org.gradle.internal.dispatch.ReflectionDispatch.dispatch(ReflectionDispatch.java:24) ~[na:na]
	at org.gradle.internal.dispatch.ContextClassLoaderDispatch.dispatch(ContextClassLoaderDispatch.java:32) ~[na:na]
	at org.gradle.internal.dispatch.ProxyDispatchAdapter$DispatchingInvocationHandler.invoke(ProxyDispatchAdapter.java:93) ~[na:na]
	at com.sun.proxy.$Proxy2.processTestClass(Unknown Source) ~[na:na]
	at org.gradle.api.internal.tasks.testing.worker.TestWorker.processTestClass(TestWorker.java:117) ~[na:na]
	at sun.reflect.NativeMethodAccessorImpl.invoke0(Native Method) ~[na:1.8.0_241]
	at sun.reflect.NativeMethodAccessorImpl.invoke(NativeMethodAccessorImpl.java:62) ~[na:1.8.0_241]
	at sun.reflect.DelegatingMethodAccessorImpl.invoke(DelegatingMethodAccessorImpl.java:43) ~[na:1.8.0_241]
	at java.lang.reflect.Method.invoke(Method.java:498) ~[na:1.8.0_241]
	at org.gradle.internal.dispatch.ReflectionDispatch.dispatch(ReflectionDispatch.java:35) ~[na:na]
	at org.gradle.internal.dispatch.ReflectionDispatch.dispatch(ReflectionDispatch.java:24) ~[na:na]
	at org.gradle.internal.remote.internal.hub.MessageHubBackedObjectConnection$DispatchWrapper.dispatch(MessageHubBackedObjectConnection.java:155) ~[na:na]
	at org.gradle.internal.remote.internal.hub.MessageHubBackedObjectConnection$DispatchWrapper.dispatch(MessageHubBackedObjectConnection.java:137) ~[na:na]
	at org.gradle.internal.remote.internal.hub.MessageHub$Handler.run(MessageHub.java:404) ~[na:na]
	at org.gradle.internal.concurrent.ExecutorPolicy$CatchAndRecordFailures.onExecute(ExecutorPolicy.java:63) ~[na:na]
	at org.gradle.internal.concurrent.ManagedExecutorImpl$1.run(ManagedExecutorImpl.java:46) ~[na:na]
	at java.util.concurrent.ThreadPoolExecutor.runWorker(ThreadPoolExecutor.java:1149) ~[na:1.8.0_241]
	at java.util.concurrent.ThreadPoolExecutor$Worker.run(ThreadPoolExecutor.java:624) ~[na:1.8.0_241]
	at org.gradle.internal.concurrent.ThreadFactoryImpl$ManagedThreadRunnable.run(ThreadFactoryImpl.java:55) ~[na:na]
	at java.lang.Thread.run(Thread.java:748) ~[na:1.8.0_241]
Caused by: org.h2.jdbc.JdbcSQLSyntaxErrorException: Table "QUIZ" not found; SQL statement:
alter table quiz drop foreign key FKsd7bmnd3hkmva99wpo2dc3mq7 [42102-199]
	at org.h2.message.DbException.getJdbcSQLException(DbException.java:451) ~[h2-1.4.199.jar:1.4.199]
	at org.h2.message.DbException.getJdbcSQLException(DbException.java:427) ~[h2-1.4.199.jar:1.4.199]
	at org.h2.message.DbException.get(DbException.java:205) ~[h2-1.4.199.jar:1.4.199]
	at org.h2.message.DbException.get(DbException.java:181) ~[h2-1.4.199.jar:1.4.199]
	at org.h2.command.Parser.tableIfTableExists(Parser.java:7497) ~[h2-1.4.199.jar:1.4.199]
	at org.h2.command.Parser.commandIfTableExists(Parser.java:7510) ~[h2-1.4.199.jar:1.4.199]
	at org.h2.command.Parser.parseAlterTable(Parser.java:7277) ~[h2-1.4.199.jar:1.4.199]
	at org.h2.command.Parser.parseAlter(Parser.java:6546) ~[h2-1.4.199.jar:1.4.199]
	at org.h2.command.Parser.parsePrepared(Parser.java:828) ~[h2-1.4.199.jar:1.4.199]
	at org.h2.command.Parser.parse(Parser.java:788) ~[h2-1.4.199.jar:1.4.199]
	at org.h2.command.Parser.parse(Parser.java:760) ~[h2-1.4.199.jar:1.4.199]
	at org.h2.command.Parser.prepareCommand(Parser.java:683) ~[h2-1.4.199.jar:1.4.199]
	at org.h2.engine.Session.prepareLocal(Session.java:627) ~[h2-1.4.199.jar:1.4.199]
	at org.h2.engine.Session.prepareCommand(Session.java:565) ~[h2-1.4.199.jar:1.4.199]
	at org.h2.jdbc.JdbcConnection.prepareCommand(JdbcConnection.java:1292) ~[h2-1.4.199.jar:1.4.199]
	at org.h2.jdbc.JdbcStatement.executeInternal(JdbcStatement.java:217) ~[h2-1.4.199.jar:1.4.199]
	at org.h2.jdbc.JdbcStatement.execute(JdbcStatement.java:205) ~[h2-1.4.199.jar:1.4.199]
	at com.zaxxer.hikari.pool.ProxyStatement.execute(ProxyStatement.java:95) ~[HikariCP-3.2.0.jar:na]
	at com.zaxxer.hikari.pool.HikariProxyStatement.execute(HikariProxyStatement.java) ~[HikariCP-3.2.0.jar:na]
	at org.hibernate.tool.schema.internal.exec.GenerationTargetToDatabase.accept(GenerationTargetToDatabase.java:54) ~[hibernate-core-5.3.12.Final.jar:5.3.12.Final]
	... 83 common frames omitted

Hibernate: drop table if exists puzzle
Hibernate: drop table if exists quiz
Hibernate: create table puzzle (p_seq bigint not null auto_increment, category_grade integer not null, category_subject varchar(255), p_desc TEXT, p_keyword TEXT, title varchar(255) not null, primary key (p_seq)) engine=InnoDB
Hibernate: create table quiz (q_seq bigint not null auto_increment, hint TEXT, q_desc TEXT not null, q_keyword TEXT, word varchar(255) not null, puzzle_p_seq bigint, primary key (q_seq)) engine=InnoDB
Hibernate: alter table quiz add constraint FKsd7bmnd3hkmva99wpo2dc3mq7 foreign key (puzzle_p_seq) references puzzle (p_seq)
2020-04-13 17:27:32.032  INFO 3044 --- [    Test worker] o.h.t.schema.internal.SchemaCreatorImpl  : HHH000476: Executing import script 'org.hibernate.tool.schema.internal.exec.ScriptSourceInputNonExistentImpl@451facf2'
2020-04-13 17:27:32.036  INFO 3044 --- [    Test worker] j.LocalContainerEntityManagerFactoryBean : Initialized JPA EntityManagerFactory for persistence unit 'default'
2020-04-13 17:27:33.316  INFO 3044 --- [    Test worker] o.s.s.concurrent.ThreadPoolTaskExecutor  : Initializing ExecutorService 'applicationTaskExecutor'
2020-04-13 17:27:33.389  WARN 3044 --- [    Test worker] aWebConfiguration$JpaWebMvcConfiguration : spring.jpa.open-in-view is enabled by default. Therefore, database queries may be performed during view rendering. Explicitly configure spring.jpa.open-in-view to disable this warning
2020-04-13 17:27:33.869  INFO 3044 --- [    Test worker] i.b.g.c.d.puzzle.PuzzleRepositoryTest    : Started PuzzleRepositoryTest in 5.472 seconds (JVM running for 6.794)
2020-04-13 17:27:34.081  INFO 3044 --- [    Test worker] o.s.t.c.transaction.TransactionContext   : Began transaction (1) for test context [DefaultTestContext@25d64db0 testClass = PuzzleRepositoryTest, testInstance = io.botle.game.crossword.domain.puzzle.PuzzleRepositoryTest@4bfb1e24, testMethod = 퍼즐_전체_저장_불러오기@PuzzleRepositoryTest, testException = [null], mergedContextConfiguration = [WebMergedContextConfiguration@7371cac0 testClass = PuzzleRepositoryTest, locations = '{}', classes = '{class io.botle.game.crossword.Application}', contextInitializerClasses = '[]', activeProfiles = '{}', propertySourceLocations = '{}', propertySourceProperties = '{org.springframework.boot.test.context.SpringBootTestContextBootstrapper=true}', contextCustomizers = set[org.springframework.boot.test.autoconfigure.properties.PropertyMappingContextCustomizer@0, org.springframework.boot.test.autoconfigure.web.servlet.WebDriverContextCustomizerFactory$Customizer@50c51459, org.springframework.boot.test.context.filter.ExcludeFilterContextCustomizer@1b6968a8, org.springframework.boot.test.json.DuplicateJsonObjectContextCustomizerFactory$DuplicateJsonObjectContextCustomizer@15dd0b11, org.springframework.boot.test.mock.mockito.MockitoContextCustomizer@0, org.springframework.boot.test.web.client.TestRestTemplateContextCustomizer@2c7cf354], resourceBasePath = 'src/main/webapp', contextLoader = 'org.springframework.boot.test.context.SpringBootContextLoader', parent = [null]], attributes = map['org.springframework.test.context.web.ServletTestExecutionListener.activateListener' -> true, 'org.springframework.test.context.web.ServletTestExecutionListener.populatedRequestContextHolder' -> true, 'org.springframework.test.context.web.ServletTestExecutionListener.resetRequestContextHolder' -> true]]; transaction manager [org.springframework.orm.jpa.JpaTransactionManager@38cf5315]; rollback [true]
Hibernate: insert into puzzle (category_grade, category_subject, p_desc, p_keyword, title) values (?, ?, ?, ?, ?)
Hibernate: insert into quiz (hint, puzzle_p_seq, q_desc, q_keyword, word) values (?, ?, ?, ?, ?)
Hibernate: insert into quiz (hint, puzzle_p_seq, q_desc, q_keyword, word) values (?, ?, ?, ?, ?)
Hibernate: insert into quiz (hint, puzzle_p_seq, q_desc, q_keyword, word) values (?, ?, ?, ?, ?)
Hibernate: insert into quiz (hint, puzzle_p_seq, q_desc, q_keyword, word) values (?, ?, ?, ?, ?)
Hibernate: insert into quiz (hint, puzzle_p_seq, q_desc, q_keyword, word) values (?, ?, ?, ?, ?)
Hibernate: insert into quiz (hint, puzzle_p_seq, q_desc, q_keyword, word) values (?, ?, ?, ?, ?)
Hibernate: insert into quiz (hint, puzzle_p_seq, q_desc, q_keyword, word) values (?, ?, ?, ?, ?)
Hibernate: insert into quiz (hint, puzzle_p_seq, q_desc, q_keyword, word) values (?, ?, ?, ?, ?)
Hibernate: insert into quiz (hint, puzzle_p_seq, q_desc, q_keyword, word) values (?, ?, ?, ?, ?)
Hibernate: insert into quiz (hint, puzzle_p_seq, q_desc, q_keyword, word) values (?, ?, ?, ?, ?)
Hibernate: insert into puzzle (category_grade, category_subject, p_desc, p_keyword, title) values (?, ?, ?, ?, ?)
Hibernate: insert into quiz (hint, puzzle_p_seq, q_desc, q_keyword, word) values (?, ?, ?, ?, ?)
Hibernate: insert into quiz (hint, puzzle_p_seq, q_desc, q_keyword, word) values (?, ?, ?, ?, ?)
Hibernate: insert into quiz (hint, puzzle_p_seq, q_desc, q_keyword, word) values (?, ?, ?, ?, ?)
Hibernate: insert into quiz (hint, puzzle_p_seq, q_desc, q_keyword, word) values (?, ?, ?, ?, ?)
Hibernate: insert into quiz (hint, puzzle_p_seq, q_desc, q_keyword, word) values (?, ?, ?, ?, ?)
Hibernate: insert into quiz (hint, puzzle_p_seq, q_desc, q_keyword, word) values (?, ?, ?, ?, ?)
Hibernate: insert into quiz (hint, puzzle_p_seq, q_desc, q_keyword, word) values (?, ?, ?, ?, ?)
Hibernate: insert into quiz (hint, puzzle_p_seq, q_desc, q_keyword, word) values (?, ?, ?, ?, ?)
Hibernate: insert into quiz (hint, puzzle_p_seq, q_desc, q_keyword, word) values (?, ?, ?, ?, ?)
Hibernate: insert into quiz (hint, puzzle_p_seq, q_desc, q_keyword, word) values (?, ?, ?, ?, ?)
Hibernate: insert into puzzle (category_grade, category_subject, p_desc, p_keyword, title) values (?, ?, ?, ?, ?)
Hibernate: insert into quiz (hint, puzzle_p_seq, q_desc, q_keyword, word) values (?, ?, ?, ?, ?)
Hibernate: insert into quiz (hint, puzzle_p_seq, q_desc, q_keyword, word) values (?, ?, ?, ?, ?)
Hibernate: insert into quiz (hint, puzzle_p_seq, q_desc, q_keyword, word) values (?, ?, ?, ?, ?)
Hibernate: insert into quiz (hint, puzzle_p_seq, q_desc, q_keyword, word) values (?, ?, ?, ?, ?)
Hibernate: insert into quiz (hint, puzzle_p_seq, q_desc, q_keyword, word) values (?, ?, ?, ?, ?)
Hibernate: insert into quiz (hint, puzzle_p_seq, q_desc, q_keyword, word) values (?, ?, ?, ?, ?)
Hibernate: insert into quiz (hint, puzzle_p_seq, q_desc, q_keyword, word) values (?, ?, ?, ?, ?)
Hibernate: insert into quiz (hint, puzzle_p_seq, q_desc, q_keyword, word) values (?, ?, ?, ?, ?)
Hibernate: insert into quiz (hint, puzzle_p_seq, q_desc, q_keyword, word) values (?, ?, ?, ?, ?)
Hibernate: insert into quiz (hint, puzzle_p_seq, q_desc, q_keyword, word) values (?, ?, ?, ?, ?)
Hibernate: insert into puzzle (category_grade, category_subject, p_desc, p_keyword, title) values (?, ?, ?, ?, ?)
Hibernate: insert into quiz (hint, puzzle_p_seq, q_desc, q_keyword, word) values (?, ?, ?, ?, ?)
Hibernate: insert into quiz (hint, puzzle_p_seq, q_desc, q_keyword, word) values (?, ?, ?, ?, ?)
Hibernate: insert into quiz (hint, puzzle_p_seq, q_desc, q_keyword, word) values (?, ?, ?, ?, ?)
Hibernate: insert into quiz (hint, puzzle_p_seq, q_desc, q_keyword, word) values (?, ?, ?, ?, ?)
Hibernate: insert into quiz (hint, puzzle_p_seq, q_desc, q_keyword, word) values (?, ?, ?, ?, ?)
Hibernate: insert into quiz (hint, puzzle_p_seq, q_desc, q_keyword, word) values (?, ?, ?, ?, ?)
Hibernate: insert into quiz (hint, puzzle_p_seq, q_desc, q_keyword, word) values (?, ?, ?, ?, ?)
Hibernate: insert into quiz (hint, puzzle_p_seq, q_desc, q_keyword, word) values (?, ?, ?, ?, ?)
Hibernate: insert into quiz (hint, puzzle_p_seq, q_desc, q_keyword, word) values (?, ?, ?, ?, ?)
Hibernate: insert into quiz (hint, puzzle_p_seq, q_desc, q_keyword, word) values (?, ?, ?, ?, ?)
Hibernate: insert into puzzle (category_grade, category_subject, p_desc, p_keyword, title) values (?, ?, ?, ?, ?)
Hibernate: insert into quiz (hint, puzzle_p_seq, q_desc, q_keyword, word) values (?, ?, ?, ?, ?)
Hibernate: insert into quiz (hint, puzzle_p_seq, q_desc, q_keyword, word) values (?, ?, ?, ?, ?)
Hibernate: insert into quiz (hint, puzzle_p_seq, q_desc, q_keyword, word) values (?, ?, ?, ?, ?)
Hibernate: insert into quiz (hint, puzzle_p_seq, q_desc, q_keyword, word) values (?, ?, ?, ?, ?)
Hibernate: insert into quiz (hint, puzzle_p_seq, q_desc, q_keyword, word) values (?, ?, ?, ?, ?)
Hibernate: insert into quiz (hint, puzzle_p_seq, q_desc, q_keyword, word) values (?, ?, ?, ?, ?)
Hibernate: insert into quiz (hint, puzzle_p_seq, q_desc, q_keyword, word) values (?, ?, ?, ?, ?)
Hibernate: insert into quiz (hint, puzzle_p_seq, q_desc, q_keyword, word) values (?, ?, ?, ?, ?)
Hibernate: insert into quiz (hint, puzzle_p_seq, q_desc, q_keyword, word) values (?, ?, ?, ?, ?)
Hibernate: insert into quiz (hint, puzzle_p_seq, q_desc, q_keyword, word) values (?, ?, ?, ?, ?)
=======End Create Puzzle & Quiz=====
2020-04-13 17:27:34.329  INFO 3044 --- [    Test worker] o.h.h.i.QueryTranslatorFactoryInitiator  : HHH000397: Using ASTQueryTranslatorFactory
Hibernate: select puzzle0_.p_seq as p_seq1_0_, puzzle0_.category_grade as category2_0_, puzzle0_.category_subject as category3_0_, puzzle0_.p_desc as p_desc4_0_, puzzle0_.p_keyword as p_keywor5_0_, puzzle0_.title as title6_0_ from puzzle puzzle0_
=========결과 : [io.botle.game.crossword.domain.puzzle.Puzzle@490f0a34, io.botle.game.crossword.domain.puzzle.Puzzle@3628f3fe, io.botle.game.crossword.domain.puzzle.Puzzle@24217aec, io.botle.game.crossword.domain.puzzle.Puzzle@5e097cf2, io.botle.game.crossword.domain.puzzle.Puzzle@172c7190]
Hibernate: select quiz0_.q_seq as q_seq1_1_, quiz0_.hint as hint2_1_, quiz0_.puzzle_p_seq as puzzle_p6_1_, quiz0_.q_desc as q_desc3_1_, quiz0_.q_keyword as q_keywor4_1_, quiz0_.word as word5_1_ from quiz quiz0_
Hibernate: select puzzle0_.p_seq as p_seq1_0_, puzzle0_.category_grade as category2_0_, puzzle0_.category_subject as category3_0_, puzzle0_.p_desc as p_desc4_0_, puzzle0_.p_keyword as p_keywor5_0_, puzzle0_.title as title6_0_ from puzzle puzzle0_
2020-04-13 17:27:34.625  INFO 3044 --- [    Test worker] o.s.t.c.transaction.TransactionContext   : Rolled back transaction for test: [DefaultTestContext@25d64db0 testClass = PuzzleRepositoryTest, testInstance = io.botle.game.crossword.domain.puzzle.PuzzleRepositoryTest@4bfb1e24, testMethod = 퍼즐_전체_저장_불러오기@PuzzleRepositoryTest, testException = [null], mergedContextConfiguration = [WebMergedContextConfiguration@7371cac0 testClass = PuzzleRepositoryTest, locations = '{}', classes = '{class io.botle.game.crossword.Application}', contextInitializerClasses = '[]', activeProfiles = '{}', propertySourceLocations = '{}', propertySourceProperties = '{org.springframework.boot.test.context.SpringBootTestContextBootstrapper=true}', contextCustomizers = set[org.springframework.boot.test.autoconfigure.properties.PropertyMappingContextCustomizer@0, org.springframework.boot.test.autoconfigure.web.servlet.WebDriverContextCustomizerFactory$Customizer@50c51459, org.springframework.boot.test.context.filter.ExcludeFilterContextCustomizer@1b6968a8, org.springframework.boot.test.json.DuplicateJsonObjectContextCustomizerFactory$DuplicateJsonObjectContextCustomizer@15dd0b11, org.springframework.boot.test.mock.mockito.MockitoContextCustomizer@0, org.springframework.boot.test.web.client.TestRestTemplateContextCustomizer@2c7cf354], resourceBasePath = 'src/main/webapp', contextLoader = 'org.springframework.boot.test.context.SpringBootContextLoader', parent = [null]], attributes = map['org.springframework.test.context.web.ServletTestExecutionListener.activateListener' -> true, 'org.springframework.test.context.web.ServletTestExecutionListener.populatedRequestContextHolder' -> true, 'org.springframework.test.context.web.ServletTestExecutionListener.resetRequestContextHolder' -> true]]
]]></system-out>
  <system-err><![CDATA[]]></system-err>
</testsuite>
